<?xml version="1.0" encoding="UTF-8"?>
<testsuite name="com.example.task01.Tests" tests="1" skipped="0" failures="0" errors="0" timestamp="2023-11-05T13:51:34" hostname="User-PC" time="0.0">
  <properties/>
  <testcase name="testCodeWithNPE" classname="com.example.task01.Tests" time="0.0"/>
  <system-out><![CDATA[]]></system-out>
  <system-err><![CDATA[]]></system-err>
</testsuite>
