<?xml version="1.0" encoding="UTF-8"?>
<testsuite name="com.example.task01.Tests" tests="1" skipped="0" failures="0" errors="0" timestamp="2023-11-05T13:48:51" hostname="LAPTOP-FHJBBIVJ" time="0.004">
  <properties/>
  <testcase name="testCodeWithNPE" classname="com.example.task01.Tests" time="0.004"/>
  <system-out><![CDATA[]]></system-out>
  <system-err><![CDATA[]]></system-err>
</testsuite>
