<?xml version="1.0" encoding="UTF-8"?>
<testsuite name="com.example.task01.Tests" tests="1" skipped="0" failures="0" errors="0" timestamp="2022-11-20T11:20:42" hostname="Админ-ПК" time="0.011">
  <properties/>
  <testcase name="testCodeWithNPE" classname="com.example.task01.Tests" time="0.011"/>
  <system-out><![CDATA[]]></system-out>
  <system-err><![CDATA[]]></system-err>
</testsuite>
