<?xml version="1.0" encoding="UTF-8"?>
<testsuite name="com.example.task01.Tests" tests="1" skipped="0" failures="0" errors="0" timestamp="2020-03-03T10:54:07" hostname="MacBook-Pro-Semen.local" time="0.001">
  <properties/>
  <testcase name="testCodeWithNPE" classname="com.example.task01.Tests" time="0.001"/>
  <system-out><![CDATA[]]></system-out>
  <system-err><![CDATA[]]></system-err>
</testsuite>
