<?xml version="1.0" encoding="UTF-8"?>
<testsuite name="com.example.task01.Tests" tests="1" skipped="0" failures="0" errors="0" timestamp="2022-03-29T15:55:19" hostname="LAPTOP-JHPLCA43" time="0.002">
  <properties/>
  <testcase name="testCodeWithNPE" classname="com.example.task01.Tests" time="0.002"/>
  <system-out><![CDATA[]]></system-out>
  <system-err><![CDATA[]]></system-err>
</testsuite>
