<?xml version="1.0" encoding="UTF-8"?>
<testsuite name="com.example.task01.Tests" tests="1" skipped="0" failures="0" errors="0" timestamp="2022-11-03T17:16:28" hostname="MacBook-Air-Ila.local" time="0.003">
  <properties/>
  <testcase name="testCodeWithNPE" classname="com.example.task01.Tests" time="0.003"/>
  <system-out><![CDATA[]]></system-out>
  <system-err><![CDATA[]]></system-err>
</testsuite>
