<?xml version="1.0" encoding="UTF-8"?>
<testsuite name="com.example.task02.Tests" tests="1" skipped="0" failures="0" errors="0" timestamp="2020-03-22T16:29:17" hostname="LAPTOP-TKPCN0IG" time="0.004">
  <properties/>
  <testcase name="testGetSeason_withCorrectInput" classname="com.example.task02.Tests" time="0.004"/>
  <system-out><![CDATA[]]></system-out>
  <system-err><![CDATA[]]></system-err>
</testsuite>
