<?xml version="1.0" encoding="UTF-8"?>
<testsuite name="com.example.task05.Tests" tests="3" skipped="0" failures="0" errors="0" timestamp="2020-03-24T11:05:55" hostname="LAPTOP-UHUVGQ4L" time="0.391">
  <properties/>
  <testcase name="testMainContainsTwoCatchClauses" classname="com.example.task05.Tests" time="0.38"/>
  <testcase name="testCatchFileNotFound" classname="com.example.task05.Tests" time="0.002"/>
  <testcase name="testMainNotDeclareThrows" classname="com.example.task05.Tests" time="0.009"/>
  <system-out><![CDATA[]]></system-out>
  <system-err><![CDATA[]]></system-err>
</testsuite>
