<?xml version="1.0" encoding="UTF-8"?>
<testsuite name="com.example.task05.Tests" tests="3" skipped="0" failures="0" errors="0" timestamp="2022-03-29T16:42:36" hostname="LAPTOP-JHPLCA43" time="0.616">
  <properties/>
  <testcase name="testMainContainsTwoCatchClauses" classname="com.example.task05.Tests" time="0.598"/>
  <testcase name="testCatchFileNotFound" classname="com.example.task05.Tests" time="0.002"/>
  <testcase name="testMainNotDeclareThrows" classname="com.example.task05.Tests" time="0.014"/>
  <system-out><![CDATA[]]></system-out>
  <system-err><![CDATA[]]></system-err>
</testsuite>
