<?xml version="1.0" encoding="UTF-8"?>
<testsuite name="com.example.task05.Tests" tests="3" skipped="0" failures="0" errors="0" timestamp="2023-11-06T03:49:15" hostname="DESKTOP-MSV2E88" time="0.213">
  <properties/>
  <testcase name="testMainContainsTwoCatchClauses" classname="com.example.task05.Tests" time="0.205"/>
  <testcase name="testCatchFileNotFound" classname="com.example.task05.Tests" time="0.0"/>
  <testcase name="testMainNotDeclareThrows" classname="com.example.task05.Tests" time="0.008"/>
  <system-out><![CDATA[]]></system-out>
  <system-err><![CDATA[]]></system-err>
</testsuite>
