<?xml version="1.0" encoding="UTF-8"?>
<testsuite name="com.example.task05.Tests" tests="3" skipped="0" failures="0" errors="0" timestamp="2023-11-05T10:26:29" hostname="WIN-M0JQOJ17T8C" time="0.142">
  <properties/>
  <testcase name="testMainContainsTwoCatchClauses" classname="com.example.task05.Tests" time="0.137"/>
  <testcase name="testCatchFileNotFound" classname="com.example.task05.Tests" time="0.001"/>
  <testcase name="testMainNotDeclareThrows" classname="com.example.task05.Tests" time="0.004"/>
  <system-out><![CDATA[]]></system-out>
  <system-err><![CDATA[]]></system-err>
</testsuite>
