<?xml version="1.0" encoding="UTF-8"?>
<testsuite name="com.example.task05.Tests" tests="3" skipped="0" failures="0" errors="0" timestamp="2022-11-20T12:52:52" hostname="Админ-ПК" time="0.772">
  <properties/>
  <testcase name="testMainContainsTwoCatchClauses" classname="com.example.task05.Tests" time="0.698"/>
  <testcase name="testCatchFileNotFound" classname="com.example.task05.Tests" time="0.061"/>
  <testcase name="testMainNotDeclareThrows" classname="com.example.task05.Tests" time="0.013"/>
  <system-out><![CDATA[]]></system-out>
  <system-err><![CDATA[]]></system-err>
</testsuite>
