<?xml version="1.0" encoding="UTF-8"?>
<testsuite name="com.example.task05.Tests" tests="3" skipped="0" failures="0" errors="0" timestamp="2022-03-27T10:06:59" hostname="DESKTOP-SDIE027" time="0.186">
  <properties/>
  <testcase name="testMainContainsTwoCatchClauses" classname="com.example.task05.Tests" time="0.181"/>
  <testcase name="testCatchFileNotFound" classname="com.example.task05.Tests" time="0.0"/>
  <testcase name="testMainNotDeclareThrows" classname="com.example.task05.Tests" time="0.005"/>
  <system-out><![CDATA[]]></system-out>
  <system-err><![CDATA[]]></system-err>
</testsuite>
