<?xml version="1.0" encoding="UTF-8"?>
<testsuite name="com.example.task05.Tests" tests="3" skipped="0" failures="0" errors="0" timestamp="2022-11-07T06:29:27" hostname="DESKTOP-CHHPD95" time="0.211">
  <properties/>
  <testcase name="testMainContainsTwoCatchClauses" classname="com.example.task05.Tests" time="0.205"/>
  <testcase name="testCatchFileNotFound" classname="com.example.task05.Tests" time="0.0"/>
  <testcase name="testMainNotDeclareThrows" classname="com.example.task05.Tests" time="0.005"/>
  <system-out><![CDATA[]]></system-out>
  <system-err><![CDATA[]]></system-err>
</testsuite>
