<?xml version="1.0" encoding="UTF-8"?>
<testsuite name="com.example.task06.Tests" tests="1" skipped="0" failures="0" errors="0" timestamp="2023-11-05T10:37:57" hostname="WIN-M0JQOJ17T8C" time="0.002">
  <properties/>
  <testcase name="testPrintMethodName" classname="com.example.task06.Tests" time="0.002"/>
  <system-out><![CDATA[]]></system-out>
  <system-err><![CDATA[]]></system-err>
</testsuite>
