<?xml version="1.0" encoding="UTF-8"?>
<testsuite name="com.example.task06.Tests" tests="1" skipped="0" failures="0" errors="0" timestamp="2022-03-29T16:59:02" hostname="LAPTOP-JHPLCA43" time="0.004">
  <properties/>
  <testcase name="testPrintMethodName" classname="com.example.task06.Tests" time="0.004"/>
  <system-out><![CDATA[]]></system-out>
  <system-err><![CDATA[]]></system-err>
</testsuite>
