<?xml version="1.0" encoding="UTF-8"?>
<testsuite name="com.example.task06.Tests" tests="1" skipped="0" failures="0" errors="0" timestamp="2022-03-27T10:08:36" hostname="DESKTOP-SDIE027" time="0.002">
  <properties/>
  <testcase name="testPrintMethodName" classname="com.example.task06.Tests" time="0.002"/>
  <system-out><![CDATA[]]></system-out>
  <system-err><![CDATA[]]></system-err>
</testsuite>
