<?xml version="1.0" encoding="UTF-8"?>
<testsuite name="com.example.task06.Tests" tests="1" skipped="0" failures="0" errors="0" timestamp="2023-11-06T03:50:09" hostname="DESKTOP-MSV2E88" time="0.001">
  <properties/>
  <testcase name="testPrintMethodName" classname="com.example.task06.Tests" time="0.001"/>
  <system-out><![CDATA[]]></system-out>
  <system-err><![CDATA[]]></system-err>
</testsuite>
