<?xml version="1.0" encoding="UTF-8"?>
<testsuite name="com.example.task03.Tests" tests="1" skipped="0" failures="0" errors="0" timestamp="2022-11-20T11:40:25" hostname="Админ-ПК" time="0.002">
  <properties/>
  <testcase name="testThrowCheckedException" classname="com.example.task03.Tests" time="0.002"/>
  <system-out><![CDATA[]]></system-out>
  <system-err><![CDATA[]]></system-err>
</testsuite>
