<?xml version="1.0" encoding="UTF-8"?>
<testsuite name="com.example.task03.Tests" tests="1" skipped="0" failures="0" errors="0" timestamp="2020-03-03T11:15:13" hostname="MacBook-Pro-Semen.local" time="0.001">
  <properties/>
  <testcase name="testThrowCheckedException" classname="com.example.task03.Tests" time="0.001"/>
  <system-out><![CDATA[]]></system-out>
  <system-err><![CDATA[]]></system-err>
</testsuite>
