<?xml version="1.0" encoding="UTF-8"?>
<testsuite name="com.example.task03.Tests" tests="1" skipped="0" failures="0" errors="0" timestamp="2023-11-05T09:55:06" hostname="WIN-M0JQOJ17T8C" time="0.001">
  <properties/>
  <testcase name="testThrowCheckedException" classname="com.example.task03.Tests" time="0.001"/>
  <system-out><![CDATA[]]></system-out>
  <system-err><![CDATA[]]></system-err>
</testsuite>
