<?xml version="1.0" encoding="UTF-8"?>
<testsuite name="com.example.task07.Tests" tests="3" skipped="0" failures="0" errors="0" timestamp="2022-09-18T15:20:39" hostname="DESKTOP-SPSS5I2" time="0.264">
  <properties/>
  <testcase name="testCountExceptions_none" classname="com.example.task07.Tests" time="0.263"/>
  <testcase name="testCountExceptions_checked" classname="com.example.task07.Tests" time="0.001"/>
  <testcase name="testCountExceptions_unchecked" classname="com.example.task07.Tests" time="0.0"/>
  <system-out><![CDATA[]]></system-out>
  <system-err><![CDATA[]]></system-err>
</testsuite>
