<?xml version="1.0" encoding="UTF-8"?>
<testsuite name="com.example.task07.Tests" tests="3" skipped="0" failures="0" errors="0" timestamp="2022-03-29T17:06:30" hostname="LAPTOP-JHPLCA43" time="0.968">
  <properties/>
  <testcase name="testCountExceptions_none" classname="com.example.task07.Tests" time="0.958"/>
  <testcase name="testCountExceptions_checked" classname="com.example.task07.Tests" time="0.005"/>
  <testcase name="testCountExceptions_unchecked" classname="com.example.task07.Tests" time="0.003"/>
  <system-out><![CDATA[]]></system-out>
  <system-err><![CDATA[]]></system-err>
</testsuite>
