<?xml version="1.0" encoding="UTF-8"?>
<testsuite name="com.example.task07.Tests" tests="3" skipped="0" failures="0" errors="0" timestamp="2020-03-24T13:00:58" hostname="LAPTOP-TKPCN0IG" time="0.724">
  <properties/>
  <testcase name="testCountExceptions_none" classname="com.example.task07.Tests" time="0.711"/>
  <testcase name="testCountExceptions_checked" classname="com.example.task07.Tests" time="0.005"/>
  <testcase name="testCountExceptions_unchecked" classname="com.example.task07.Tests" time="0.003"/>
  <system-out><![CDATA[]]></system-out>
  <system-err><![CDATA[]]></system-err>
</testsuite>
