<?xml version="1.0" encoding="UTF-8"?>
<testsuite name="com.example.task07.Tests" tests="3" skipped="0" failures="0" errors="0" timestamp="2023-11-05T14:34:36" hostname="User-PC" time="0.278">
  <properties/>
  <testcase name="testCountExceptions_none" classname="com.example.task07.Tests" time="0.275"/>
  <testcase name="testCountExceptions_checked" classname="com.example.task07.Tests" time="0.001"/>
  <testcase name="testCountExceptions_unchecked" classname="com.example.task07.Tests" time="0.002"/>
  <system-out><![CDATA[]]></system-out>
  <system-err><![CDATA[]]></system-err>
</testsuite>
