<?xml version="1.0" encoding="UTF-8"?>
<testsuite name="com.example.task07.Tests" tests="3" skipped="0" failures="0" errors="0" timestamp="2022-11-06T14:37:06" hostname="DESKTOP-LTITGJO" time="0.666">
  <properties/>
  <testcase name="testCountExceptions_none" classname="com.example.task07.Tests" time="0.636"/>
  <testcase name="testCountExceptions_checked" classname="com.example.task07.Tests" time="0.007"/>
  <testcase name="testCountExceptions_unchecked" classname="com.example.task07.Tests" time="0.023"/>
  <system-out><![CDATA[]]></system-out>
  <system-err><![CDATA[]]></system-err>
</testsuite>
